<?xml version="1.0" encoding="UTF-8"?>
<testng-results skipped="0" failed="0" total="1" passed="1">
  <reporter-output>
  </reporter-output>
  <suite name="Default suite" duration-ms="18849" started-at="2020-03-22T09:16:50Z" finished-at="2020-03-22T09:17:09Z">
    <groups>
      <group name="cucumber">
        <method signature="AbstractTestNGCucumberTests.feature(cucumber.api.testng.CucumberFeatureWrapper)[pri:0, instance:BackgroundSD.testrunBackgroundTest@5db250b4]" name="feature" class="cucumber.api.testng.AbstractTestNGCucumberTests"/>
      </group> <!-- cucumber -->
    </groups>
    <test name="Default test" duration-ms="18849" started-at="2020-03-22T09:16:50Z" finished-at="2020-03-22T09:17:09Z">
      <class name="BackgroundSD.testrunBackgroundTest">
        <test-method status="PASS" signature="setUpClass()[pri:0, instance:BackgroundSD.testrunBackgroundTest@5db250b4]" name="setUpClass" is-config="true" duration-ms="309" started-at="2020-03-22T05:16:50Z" finished-at="2020-03-22T05:16:50Z">
          <reporter-output>
          </reporter-output>
        </test-method> <!-- setUpClass -->
        <test-method status="PASS" signature="feature(cucumber.api.testng.CucumberFeatureWrapper)[pri:0, instance:BackgroundSD.testrunBackgroundTest@5db250b4]" name="feature" duration-ms="17918" started-at="2020-03-22T05:16:50Z" description="Runs Cucumber Feature" data-provider="features" finished-at="2020-03-22T05:17:08Z">
          <params>
            <param index="0">
              <value>
                <![CDATA[Create account of Facebook1]]>
              </value>
            </param>
          </params>
          <reporter-output>
          </reporter-output>
        </test-method> <!-- feature -->
        <test-method status="PASS" signature="tearDownClass()[pri:0, instance:BackgroundSD.testrunBackgroundTest@5db250b4]" name="tearDownClass" is-config="true" duration-ms="491" started-at="2020-03-22T05:17:08Z" finished-at="2020-03-22T05:17:09Z">
          <reporter-output>
          </reporter-output>
        </test-method> <!-- tearDownClass -->
      </class> <!-- BackgroundSD.testrunBackgroundTest -->
    </test> <!-- Default test -->
  </suite> <!-- Default suite -->
</testng-results>
